<?xml version="1.0" encoding="UTF-8"?>
<!-- Generated by org.testng.reporters.JUnitReportReporter -->
<testsuite skipped="0" hostname="2016-20170509XS" name="com.icarbonx.testcase.LoginTestCase" tests="1" failures="0" timestamp="08 八月 2017 10:13:26 GMT" time="15.955" errors="0">
  <testcase name="login" time="15.955" classname="com.icarbonx.testcase.LoginTestCase"/>
</testsuite> <!-- com.icarbonx.testcase.LoginTestCase -->
