<?xml version="1.0" encoding="UTF-8"?>
<!-- Generated by org.testng.reporters.JUnitReportReporter -->
<testsuite skipped="0" hostname="2016-20170509XS" name="com.icarbonx.testcase.LoginTestCase" tests="1" failures="0" timestamp="09 八月 2017 03:20:24 GMT" time="18.577" errors="0">
  <testcase name="login" time="18.577" classname="com.icarbonx.testcase.LoginTestCase"/>
</testsuite> <!-- com.icarbonx.testcase.LoginTestCase -->
